# JRE version: Java(TM) SE Runtime Environment (7.0_67-b01) (build 1.7.0_67-b01)
# Java VM: Java HotSpot(TM) 64-Bit Server VM (24.65-b04 mixed mode windows-amd64 compressed oops)
Heap
 PSYoungGen      total 220672K, used 77773K [0x00000000eaa80000, 0x00000000f9780000, 0x0000000100000000)
  eden space 209408K, 37% used [0x00000000eaa80000,0x00000000ef673498,0x00000000f7700000)
  from space 11264K, 0% used [0x00000000f8580000,0x00000000f8580000,0x00000000f9080000)
  to   space 14848K, 0% used [0x00000000f7700000,0x00000000f7700000,0x00000000f8580000)
 ParOldGen       total 86016K, used 49198K [0x00000000c0000000, 0x00000000c5400000, 0x00000000eaa80000)
  object space 86016K, 57% used [0x00000000c0000000,0x00000000c300b9d0,0x00000000c5400000)
 PSPermGen       total 98304K, used 45740K [0x00000000b0000000, 0x00000000b6000000, 0x00000000c0000000)
  object space 98304K, 46% used [0x00000000b0000000,0x00000000b2cab230,0x00000000b6000000)
GC Heap History (10 events):
Event: 16.566 GC heap before
{Heap before GC invocations=12 (full 0):
 PSYoungGen      total 224256K, used 86875K [0x00000000eaa80000, 0x00000000f9780000, 0x0000000100000000)
  eden space 209408K, 34% used [0x00000000eaa80000,0x00000000ef0debf0,0x00000000f7700000)
  from space 14848K, 99% used [0x00000000f7700000,0x00000000f8578318,0x00000000f8580000)
  to   space 11264K, 0% used [0x00000000f8580000,0x00000000f8580000,0x00000000f9080000)
 ParOldGen       total 86016K, used 37648K [0x00000000c0000000, 0x00000000c5400000, 0x00000000eaa80000)
  object space 86016K, 43% used [0x00000000c0000000,0x00000000c24c4320,0x00000000c5400000)
 PSPermGen       total 43008K, used 42710K [0x00000000b0000000, 0x00000000b2a00000, 0x00000000c0000000)
  object space 43008K, 99% used [0x00000000b0000000,0x00000000b29b5b38,0x00000000b2a00000)
Event: 16.608 GC heap after
Heap after GC invocations=12 (full 0):
 PSYoungGen      total 220672K, used 6675K [0x00000000eaa80000, 0x00000000f9780000, 0x0000000100000000)
  eden space 209408K, 0% used [0x00000000eaa80000,0x00000000eaa80000,0x00000000f7700000)
  from space 11264K, 59% used [0x00000000f8580000,0x00000000f8c04c60,0x00000000f9080000)
  to   space 14848K, 0% used [0x00000000f7700000,0x00000000f7700000,0x00000000f8580000)
 ParOldGen       total 86016K, used 52379K [0x00000000c0000000, 0x00000000c5400000, 0x00000000eaa80000)
  object space 86016K, 60% used [0x00000000c0000000,0x00000000c3326f40,0x00000000c5400000)
 PSPermGen       total 43008K, used 42710K [0x00000000b0000000, 0x00000000b2a00000, 0x00000000c0000000)
  object space 43008K, 99% used [0x00000000b0000000,0x00000000b29b5b38,0x00000000b2a00000)
}
Event: 16.608 GC heap before
{Heap before GC invocations=13 (full 1):
 PSYoungGen      total 220672K, used 6675K [0x00000000eaa80000, 0x00000000f9780000, 0x0000000100000000)
  eden space 209408K, 0% used [0x00000000eaa80000,0x00000000eaa80000,0x00000000f7700000)
  from space 11264K, 59% used [0x00000000f8580000,0x00000000f8c04c60,0x00000000f9080000)
  to   space 14848K, 0% used [0x00000000f7700000,0x00000000f7700000,0x00000000f8580000)
 ParOldGen       total 86016K, used 52379K [0x00000000c0000000, 0x00000000c5400000, 0x00000000eaa80000)
  object space 86016K, 60% used [0x00000000c0000000,0x00000000c3326f40,0x00000000c5400000)
 PSPermGen       total 43008K, used 42710K [0x00000000b0000000, 0x00000000b2a00000, 0x00000000c0000000)
  object space 43008K, 99% used [0x00000000b0000000,0x00000000b29b5b38,0x00000000b2a00000)
Event: 16.815 GC heap after
Heap after GC invocations=13 (full 1):
 PSYoungGen      total 220672K, used 0K [0x00000000eaa80000, 0x00000000f9780000, 0x0000000100000000)
  eden space 209408K, 0% used [0x00000000eaa80000,0x00000000eaa80000,0x00000000f7700000)
  from space 11264K, 0% used [0x00000000f8580000,0x00000000f8580000,0x00000000f9080000)
  to   space 14848K, 0% used [0x00000000f7700000,0x00000000f7700000,0x00000000f8580000)
 ParOldGen       total 86016K, used 40470K [0x00000000c0000000, 0x00000000c5400000, 0x00000000eaa80000)
  object space 86016K, 47% used [0x00000000c0000000,0x00000000c2785858,0x00000000c5400000)
 PSPermGen       total 85504K, used 42652K [0x00000000b0000000, 0x00000000b5380000, 0x00000000c0000000)
  object space 85504K, 49% used [0x00000000b0000000,0x00000000b29a7050,0x00000000b5380000)
}
Event: 150.624 GC heap before
{Heap before GC invocations=14 (full 1):
 PSYoungGen      total 220672K, used 209408K [0x00000000eaa80000, 0x00000000f9780000, 0x0000000100000000)
  eden space 209408K, 100% used [0x00000000eaa80000,0x00000000f7700000,0x00000000f7700000)
  from space 11264K, 0% used [0x00000000f8580000,0x00000000f8580000,0x00000000f9080000)
  to   space 14848K, 0% used [0x00000000f7700000,0x00000000f7700000,0x00000000f8580000)
 ParOldGen       total 86016K, used 40470K [0x00000000c0000000, 0x00000000c5400000, 0x00000000eaa80000)
  object space 86016K, 47% used [0x00000000c0000000,0x00000000c2785858,0x00000000c5400000)
 PSPermGen       total 85504K, used 44806K [0x00000000b0000000, 0x00000000b5380000, 0x00000000c0000000)
  object space 85504K, 52% used [0x00000000b0000000,0x00000000b2bc1808,0x00000000b5380000)
Event: 150.637 GC heap after
Heap after GC invocations=14 (full 1):
 PSYoungGen      total 224256K, used 5380K [0x00000000eaa80000, 0x00000000f9780000, 0x0000000100000000)
  eden space 209408K, 0% used [0x00000000eaa80000,0x00000000eaa80000,0x00000000f7700000)
  from space 14848K, 36% used [0x00000000f7700000,0x00000000f7c41048,0x00000000f8580000)
  to   space 11264K, 0% used [0x00000000f8580000,0x00000000f8580000,0x00000000f9080000)
 ParOldGen       total 86016K, used 40470K [0x00000000c0000000, 0x00000000c5400000, 0x00000000eaa80000)
  object space 86016K, 47% used [0x00000000c0000000,0x00000000c2785858,0x00000000c5400000)
 PSPermGen       total 85504K, used 44806K [0x00000000b0000000, 0x00000000b5380000, 0x00000000c0000000)
  object space 85504K, 52% used [0x00000000b0000000,0x00000000b2bc1808,0x00000000b5380000)
}
Event: 168.098 GC heap before
{Heap before GC invocations=15 (full 1):
 PSYoungGen      total 224256K, used 185709K [0x00000000eaa80000, 0x00000000f9780000, 0x0000000100000000)
  eden space 209408K, 86% used [0x00000000eaa80000,0x00000000f5a9a400,0x00000000f7700000)
  from space 14848K, 36% used [0x00000000f7700000,0x00000000f7c41048,0x00000000f8580000)
  to   space 11264K, 0% used [0x00000000f8580000,0x00000000f8580000,0x00000000f9080000)
 ParOldGen       total 86016K, used 40470K [0x00000000c0000000, 0x00000000c5400000, 0x00000000eaa80000)
  object space 86016K, 47% used [0x00000000c0000000,0x00000000c2785858,0x00000000c5400000)
 PSPermGen       total 85504K, used 45686K [0x00000000b0000000, 0x00000000b5380000, 0x00000000c0000000)
  object space 85504K, 53% used [0x00000000b0000000,0x00000000b2c9d828,0x00000000b5380000)
Event: 168.109 GC heap after
Heap after GC invocations=15 (full 1):
 PSYoungGen      total 220672K, used 6708K [0x00000000eaa80000, 0x00000000f9780000, 0x0000000100000000)
  eden space 209408K, 0% used [0x00000000eaa80000,0x00000000eaa80000,0x00000000f7700000)
  from space 11264K, 59% used [0x00000000f8580000,0x00000000f8c0d228,0x00000000f9080000)
  to   space 14848K, 0% used [0x00000000f7700000,0x00000000f7700000,0x00000000f8580000)
 ParOldGen       total 86016K, used 43894K [0x00000000c0000000, 0x00000000c5400000, 0x00000000eaa80000)
  object space 86016K, 51% used [0x00000000c0000000,0x00000000c2add958,0x00000000c5400000)
 PSPermGen       total 85504K, used 45686K [0x00000000b0000000, 0x00000000b5380000, 0x00000000c0000000)
  object space 85504K, 53% used [0x00000000b0000000,0x00000000b2c9d828,0x00000000b5380000)
}
Event: 168.109 GC heap before
{Heap before GC invocations=16 (full 2):
 PSYoungGen      total 220672K, used 6708K [0x00000000eaa80000, 0x00000000f9780000, 0x0000000100000000)
  eden space 209408K, 0% used [0x00000000eaa80000,0x00000000eaa80000,0x00000000f7700000)
  from space 11264K, 59% used [0x00000000f8580000,0x00000000f8c0d228,0x00000000f9080000)
  to   space 14848K, 0% used [0x00000000f7700000,0x00000000f7700000,0x00000000f8580000)
 ParOldGen       total 86016K, used 43894K [0x00000000c0000000, 0x00000000c5400000, 0x00000000eaa80000)
  object space 86016K, 51% used [0x00000000c0000000,0x00000000c2add958,0x00000000c5400000)
 PSPermGen       total 85504K, used 45686K [0x00000000b0000000, 0x00000000b5380000, 0x00000000c0000000)
  object space 85504K, 53% used [0x00000000b0000000,0x00000000b2c9d828,0x00000000b5380000)
Event: 168.551 GC heap after
Heap after GC invocations=16 (full 2):
 PSYoungGen      total 220672K, used 0K [0x00000000eaa80000, 0x00000000f9780000, 0x0000000100000000)
  eden space 209408K, 0% used [0x00000000eaa80000,0x00000000eaa80000,0x00000000f7700000)
  from space 11264K, 0% used [0x00000000f8580000,0x00000000f8580000,0x00000000f9080000)
  to   space 14848K, 0% used [0x00000000f7700000,0x00000000f7700000,0x00000000f8580000)
 ParOldGen       total 86016K, used 49198K [0x00000000c0000000, 0x00000000c5400000, 0x00000000eaa80000)
  object space 86016K, 57% used [0x00000000c0000000,0x00000000c300b9d0,0x00000000c5400000)
 PSPermGen       total 98304K, used 45645K [0x00000000b0000000, 0x00000000b6000000, 0x00000000c0000000)
  object space 98304K, 46% used [0x00000000b0000000,0x00000000b2c93768,0x00000000b6000000)
}

